#################################################################################
#.......#...#...#...........#.....#...#.#.....#m......#.......#.....#........u..#
#####.#.#.#.#.#.###.#######.###.#.#.#.#.#.###.###.#####.#.###.###.#.###########.#
#.....#...#...#.....#.#.....#...#...#...#.#....e#.......#...#.....#.....#.......#
#.###################.#.#####.#########.#.#####.###########.###########.#.#######
#.#...#...#...........#.#.....#.......#.#.....#.....#.....#...#.......#.#.#.....#
#.#S#.###.#.#####.#####.#.###.#.###.###.#####.#####.#.###.###.#.#.#####.#.#.###.#
#.#.#...#.#...#.#.......#.#.#.#.#...#...#.D.#.#...#...#.#.#...#.#.#.....#j..#...#
#.#.###.#.###.#.#########.#.#.###.###.###.#.#.#.#.#####.#.#.###.###.#########.###
#.#...#.#...#...#.#.........#...#.#...#.#.#...#.#.....#...#...#...#.#.#.....#...#
#.###.#.###.###.#.#.#########.#.#.#.###.#.#####.#####.#.#####.###.#.#.#.#.#.###.#
#...#.#c..#.....#.......#...#.#.#.#.#...#...#.....#.#.#.#.....#...#.#...#.#...#.#
#.###.###.#.#############.#.###.#.#.#.#.###.#####.#.#.#.#.#####.###.#.###.###.#.#
#.#...#.#.#.........#.....#...#.#.....#.#.#...#.#...#.#...#...#.....#.#...#...K.#
#.#.###.#.#########.#.#######.#.#########.###.#.###.#.#####.#.#.#######.#########
#.......#.#.......#h..#.....#.#.........#...#.#.....#.......#...#.....#.#...#...#
#.#######.#O#####.#######.#.#.#.#######.###.#.#.#######.#######.#.###F#.#.#.#.#.#
#.#....y..#...#...#.....#.#.#.#.#.#.....#...#.#.#.....#.#.....#...#.#.#...#.#.#.#
###.#####.###.#.###.###.#.###.#.#.#.###.#.#.#.###.###.#.#.###.#####.#.#.###.#.#.#
#...#.....#.#.#...#.#.Z.#...#.#.#.#.#...#.#.#.....#.#.#.#.#.#...#.....#...#...#.#
#.###.#####.#.###A#.#.###.#.#.#.#.#.#####.#########.#.#.#.#.###.#.#########.###.#
#.#.#.#.....#.#.#...#.#...#...#...#.....#.#.........#.#.#.#.#...#.#.......#.#...#
#.#.#.#####.#.#.#######.#########.#####.#.#.#####.#.#.#.#.#.#####.#.###.#.###.#.#
#.#.#...#...#.#...#.....#.....#.......#.#.#.#.#...#.#.#.#.#.....#.#.#...#.....#.#
#.#.###.#.#.#.###.#.#######.#.#####.###.#.#.#.#.#####.#.#.#.#.###.###.#########X#
#.#...#...#.#...#.#...#.....#.....#.#...#.....#.#...#.#.#.#.#...#...#.....#.....#
#.#W#.#####.###N#.###.#.#.#######.###.#.#######.#.#.#.###.#.###.###.#####.###.###
#i#.#.....#.#.#.#...#.#.#.#.....#.....#.#..r..#...#.#...#.#.#.....#.#...#...#.#.#
#.#######.#.#.#.#.###.###.#.###########.#.###.#.###.###.#.###.#####.#.#.###.#.#.#
#.......#...#.#.#...#...#.#.............#.#.#.#.#.#...#...#...#.....#.#.....#.#.#
#.#####.#.###.#.#.#.###.#.#.#############.#.#.#.#.###.#####.###.#####.#######.#.#
#.#.#...#.....#.#.#...#..t#...#.#.......#.#.#.#...#.....#.....#...#...#.....#.#.#
#.#.#.#######.#.#.###.#######.#.#.#.#####.#.#.#.###.###.#####.###.###.#.###.#.#.#
#...#.#...#...#.#...#.....#.#.#...#.....#.#.#.#.#...#.........#.#...#...T.#.#...#
###.#.#.#.#.###.###.#.###.#.#.#########.#.#.#.###.###########.#.###.#####.#.###.#
#...#...#.#.#...#...#...#...#.......#...#.#.#...#.#.....#...#...#...#...#.#...#.#
#.#######.###.###.#####.###########.#.###.#.###.#.#.###.#.#.###.#.###.#.#####.###
#.#...#v#...#.#.#.....#.........#...#...#.#.......#...#..l#...#.#.....#.....#.P.#
#.#.#.#.###.#.#.#####.#########.#.#####.#.###########.#######.#############.###.#
#...#.....#...#...............#.........#...................#....b..............#
#################################################################################
#...#.#.........#.....#...........#.....#.....#...#.....#.......#...#.....Q.#...#
#.#.#.#.#####.###.#.#.#.#####.###.#.###.#.###.#.#.#.###.#.#####.#.#.#.#.###.###.#
#.#.#.#.#...#.....#.#.#.#.#...#...#...#.#.#.....#.#...#...#.....#.#.#.#...#.#...#
#.#.#.#.#.#.#######.###.#.#.#####.###.#.#.#######.###.#####.#####.#.#.###.#.#.#.#
#.#...#.#.#.....#.#.#.B...#.....#.#...#.#.....#.....#.#...#.......#.#.#...#...#.#
#.#####.#.#####.#.#.#.#######.#.###.###.#.###.###.###.#.#####.#####.#.#.#######.#
#.#...#q#..f#.....#...#.....#.#...#.#...#.#.#...#.#.....#...#.#...#...#.#.....#.#
#.#.#.#.#.#.#######.###.###.###.#.#.#.###.#.###.###.#####.#.#.###.#####.#.###.#.#
#...#.#.#.#...#...#p..#.#.#...#.#...#...#.....#...#.#.....#.#.....#...#...#...#.#
#####.#.#####.#.#.###.#.#.###.#########.#####.###.#.#.#####.#####.###.#####.###.#
#.....#.......#.#.#...#.#...#.#.......#.#...#.#.#...#.#...#.....#.....#.#...#.#.#
#.###########.#.#.#####.###.#L#.#####R#.#.#.#.#.#####.#.#.#####.#####.#.#.###.#.#
#...........#.#.#.......#...#...#...#...#.#.#.....#...#.#.....#...#...#.#...#...#
#######.###.#.#.#########.#.#####.#.#######.#####.#.#######.#.###.#.###.###.###.#
#.......#...#.#.#.........#.......#.....#...#.....#.#.....#.#...#.#...#...#...#.#
#.#######.###.#.#.###.#################.#.###.#####.#.#.#.###.###.###.###.###.#.#
#.#.........#.#.#...#.............#.....#.........#.#.#.#.....#...#.#.......#.#.#
#.###.#######.#.###########.#####.#.###############.###.#####.#.###.#.#####.#.###
#...#.#.......#.#.........#.#...#.#.#...#.......#...#...#.#...#.#.....#...#.#...#
#.#G###.#######.#.#######.#.###.#.###.#.#.#####.#.###.###.#.###.#######.#.#####.#
#.#...#....x#.#.#.#z#.....#.....#.....#.#.....#...#...#...#.#...#.......#.#...#.#
#.###.#####.#.#.#.#.#########.#########.#####.#######.#.###.#####.#######.#.#.#.#
#k#.#.....#...#...#.#.....#...#.......#.#...#.#.......#.#...#.....#.#...#...#.#.#
#.#.#####.###.#####.#.###.#.###.#####.#.#.#.#.#.#.#####.#.###.#####.#.#.#####.#H#
#.#.....#...#.....#.#...#.#.#...#...#...#.#...#.#.#.....#.#...#...#...#...#.#.#.#
#.#.###.###.#####.#.###.#.#.#.###.#.###.#.#######.#.###.#.#.###.#.#.###.#Y#.#.#.#
#...#...#.#...#...#.....#..o#.#.#.#.....#.#.......#.#...#...#...#...#...#...#..g#
#####.###.#.###.#######.#####.#.#.#######.#####.###.###.#############.#####.###.#
#...#.#...#.....#.....#.....#.#.#...#...#.......#.....#...#...........#.#...#...#
#.#.#.###.#######.###.#######.#.###.#.###########.###.###.#.###########.#.###.###
#.#.#.#.....#.#.....#.#.......#...#.#...#...#...#...#.#...#.......#...#.I.#.#...#
#.#.#.#.###.#.#.###.#.#.#######.#.#.###.#.###.#.#.###.#.#########.###.#.###.###.#
#.#.#.#.#...#s....#.#.#.......#a#.#.....#.#...#.#.#...#.....#.....#...#.....#.#.#
#.###M#U###.#####.#.#.###.###.###.#####.#.#.###.#.#.#.#####.#.#####.#V#####.#.#.#
#.....#...#...#...#.#...#...#.#...#....n#.#...#d..#.#.#.J.#...#.....#...#..w#.#.#
#.#######.###.#####.###.#####.#.###.#####.###.#####.#.#.#.###.#####.#####.###.#.#
#.......#.#.#...#...#.#.....#.#...#.#...#...#.#.#...#.#.#.#...#...#...........#.#
#######.#.#.###E#.###.#####.#.#.#.#.###.#.###.#.#.#####.#.#####.#.#############.#
#.........#.......#.........C.#.#.......#.......#.......#.......#...............#
#################################################################################
========
Step: 1
MxK: 0; V: 9; B: 8
========
Step: 2
MxK: 0; V: 41; B: 32
========
Step: 3
MxK: 0; V: 129; B: 88
========
Step: 4
MxK: 0; V: 321; B: 192
========
Step: 5
MxK: 0; V: 682; B: 361
========
Step: 6
MxK: 0; V: 1297; B: 615
========
Step: 7
MxK: 0; V: 2276; B: 979
========
Step: 8
MxK: 0; V: 3761; B: 1485
========
Step: 9
MxK: 0; V: 5931; B: 2170
========
Step: 10
MxK: 0; V: 9001; B: 3070
========
Step: 11
MxK: 0; V: 13220; B: 4219
========
Step: 12
MxK: 0; V: 18874; B: 5654
========
Step: 13
MxK: 0; V: 26291; B: 7417
========
Step: 14
MxK: 1; V: 35844; B: 9553
========
Step: 15
MxK: 1; V: 47953; B: 12110
========
Step: 16
MxK: 1; V: 63085; B: 15139
========
Step: 17
MxK: 1; V: 81755; B: 18695
========
Step: 18
MxK: 1; V: 104536; B: 22844
========
Step: 19
MxK: 1; V: 132068; B: 27661
========
Step: 20
MxK: 1; V: 165052; B: 33216
========
Step: 21
MxK: 1; V: 204238; B: 39569
========
Step: 22
MxK: 1; V: 250416; B: 46774
========
Step: 23
MxK: 1; V: 304411; B: 54884
========
Step: 24
MxK: 1; V: 367086; B: 63956
========
Step: 25
MxK: 1; V: 439349; B: 74052
========
Step: 26
MxK: 1; V: 522145; B: 85226
========
Step: 27
MxK: 1; V: 616439; B: 97519
========
Step: 28
MxK: 1; V: 723218; B: 110978
========
Step: 29
MxK: 1; V: 843504; B: 125665
========
Step: 30
MxK: 1; V: 978363; B: 141652
========
Step: 31
MxK: 1; V: 1128911; B: 159016
========
Step: 32
MxK: 1; V: 1296313; B: 177836
========
Step: 33
MxK: 1; V: 1481773; B: 198190
========
Step: 34
MxK: 1; V: 1686532; B: 220158
========
Step: 35
MxK: 1; V: 1911884; B: 243833
========
Step: 36
MxK: 1; V: 2159179; B: 269306
========
Step: 37
MxK: 1; V: 2429805; B: 296645
========
Step: 38
MxK: 1; V: 2725181; B: 325911
========
Step: 39
MxK: 1; V: 3046759; B: 357174
========
Step: 40
MxK: 2; V: 3396034; B: 390516
========
Step: 41
MxK: 2; V: 3774569; B: 426035
========
Step: 42
MxK: 2; V: 4184006; B: 463842
========
Step: 43
MxK: 2; V: 4626049; B: 504045
========
Step: 44
MxK: 2; V: 5102451; B: 546748
========
Step: 45
MxK: 2; V: 5615032; B: 592079
========
Step: 46
MxK: 2; V: 6165686; B: 640174
========
Step: 47
MxK: 2; V: 6756376; B: 691158
========
Step: 48
MxK: 2; V: 7389131; B: 745145
========
Step: 49
MxK: 2; V: 8066014; B: 802226
========
Step: 50
MxK: 2; V: 8789093; B: 862476
========
Step: 51
MxK: 2; V: 9560445; B: 925964
========
Step: 52
MxK: 2; V: 10382178; B: 992768
========
Step: 53
MxK: 2; V: 11256440; B: 1062974
========
Step: 54
MxK: 2; V: 12185406; B: 1136653
========
Step: 55
MxK: 2; V: 13171271; B: 1213870
========
Step: 56
MxK: 2; V: 14216257; B: 1294706
========
Step: 57
MxK: 2; V: 15322638; B: 1379266
========
Step: 58
MxK: 2; V: 16492763; B: 1467667
========
Step: 59
MxK: 2; V: 17729052; B: 1560037
========
Step: 60
MxK: 2; V: 19033980; B: 1656501
========
Step: 61
MxK: 2; V: 20410044; B: 1757135
========
Step: 62
MxK: 2; V: 21859759; B: 1862002
========
Step: 63
MxK: 2; V: 23385681; B: 1971170
========
Step: 64
MxK: 2; V: 24990401; B: 2084677
========
Step: 65
MxK: 2; V: 26676529; B: 2202542
========
Step: 66
MxK: 2; V: 28446685; B: 2324788
========
Step: 67
MxK: 2; V: 30303512; B: 2451452
========
Step: 68
MxK: 3; V: 32249690; B: 2582580
========
Step: 69
MxK: 3; V: 34287958; B: 2718260
========
Step: 70
MxK: 3; V: 36421139; B: 2858614
========
Step: 71
MxK: 3; V: 38652122; B: 3003747
========
Step: 72
MxK: 3; V: 40983846; B: 3153760
========
Step: 73
MxK: 3; V: 43419291; B: 3308767
========
Step: 74
MxK: 3; V: 45961446; B: 3468857
========
Step: 75
MxK: 3; V: 48613268; B: 3634060
========
Step: 76
MxK: 3; V: 51377658; B: 3804389
========
Step: 77
MxK: 3; V: 54257451; B: 3979844
========
Step: 78
MxK: 3; V: 57255418; B: 4160398
========
Step: 79
MxK: 3; V: 60374328; B: 4346102
========
Step: 80
MxK: 3; V: 63616985; B: 4537067
========
Step: 81
MxK: 3; V: 66986180; B: 4733352
========
Step: 82
MxK: 3; V: 70484686; B: 4935002
========
Step: 83
MxK: 3; V: 74115302; B: 5142128
========
Step: 84
MxK: 3; V: 77880845; B: 5354831
========
Step: 85
MxK: 3; V: 81784125; B: 5573188
========
Step: 86
MxK: 3; V: 85827963; B: 5797359
========
Step: 87
MxK: 3; V: 90015170; B: 6027460
========
Step: 88
MxK: 3; V: 94348497; B: 6263505
========
Step: 89
MxK: 3; V: 98830666; B: 6505515
========
Step: 90
